[Triad Client   17:33:30]  Logger started!
[Triad Client   17:33:30]  OpenGL Context Succefully Created!
[Triad Client   17:33:30]  OpenGL version: 4.5
[Triad Client   17:33:30]  VBOs enabled
[Triad Client   17:33:30]  Connected
[Triad Client   17:33:30]  Recieved raw message from server: Hello 127.0.0.1!
[Triad Client   17:33:30]  Login accepted
[Triad Client   17:33:31]  No entity renderer for id : 2
[Triad Client   17:33:31]  No entity renderer for id : 2
[Triad Client   17:33:31]  No entity renderer for id : 5
[Triad Client   17:33:31]  No entity renderer for id : 2
[Triad Client   17:33:31]  No entity renderer for id : 2
[Triad Client   17:33:31]  No entity renderer for id : 5
[Triad Client   17:33:31]  No entity renderer for id : 2
[Triad Client   17:33:31]  No entity renderer for id : 5
[Triad Client   17:33:31]  No entity renderer for id : 2
[Triad Client   17:33:31]  No entity renderer for id : 2
[Triad Client   17:33:31]  No entity renderer for id : 2
[Triad Client   17:33:31]  No entity renderer for id : 2
[Triad Client   17:33:31]  No entity renderer for id : 2
[Triad Client   17:33:31]  No entity renderer for id : 2
[Triad Client   17:33:31]  No entity renderer for id : 2
[Triad Client   17:33:31]  No entity renderer for id : 2
[Triad Client   17:33:31]  No entity renderer for id : 2
[Triad Client   17:33:31]  No entity renderer for id : 2
[Triad Client   17:33:31]  No entity renderer for id : 2
[Triad Client   17:33:31]  No entity renderer for id : 2
[Triad Client   17:33:31]  No entity renderer for id : 2
[Triad Client   17:33:31]  No entity renderer for id : 2
[Triad Client   17:33:31]  No entity renderer for id : 2
[Triad Client   17:33:31]  No entity renderer for id : 2
[Triad Client   17:33:31]  No entity renderer for id : 2
[Triad Client   17:33:31]  No entity renderer for id : 2
[Triad Client   17:33:31]  No entity renderer for id : 2
[Triad Client   17:33:31]  No entity renderer for id : 2
[Triad Client   17:33:31]  No entity renderer for id : 2
[Triad Client   17:33:31]  No entity renderer for id : 2
[Triad Client   17:33:31]  No entity renderer for id : 2
[Triad Client   17:33:31]  No entity renderer for id : 2
[Triad Client   17:33:31]  No entity renderer for id : 2
[Triad Client   17:33:31]  No entity renderer for id : 2
[Triad Client   17:33:31]  No entity renderer for id : 2
[Triad Client   17:33:31]  No entity renderer for id : 2
[Triad Client   17:33:31]  No entity renderer for id : 2
[Triad Client   17:33:31]  No entity renderer for id : 2
[Triad Client   17:33:31]  No entity renderer for id : 2
[Triad Client   17:33:31]  No entity renderer for id : 2
[Triad Client   17:33:31]  No entity renderer for id : 5
[Triad Client   17:33:31]  No entity renderer for id : 5
[Triad Client   17:33:31]  No entity renderer for id : 5
[Triad Client   17:33:31]  No entity renderer for id : 2
[Triad Client   17:33:31]  No entity renderer for id : 2
[Triad Client   17:33:31]  No entity renderer for id : 2
[Triad Client   17:33:31]  No entity renderer for id : 5
[Triad Client   17:33:31]  No entity renderer for id : 5
[Triad Client   17:33:31]  No entity renderer for id : 5
[Triad Client   17:33:31]  No entity renderer for id : 2
[Triad Client   17:33:31]  No entity renderer for id : 2
[Triad Client   17:33:31]  No entity renderer for id : 5
[Triad Client   17:33:31]  No entity renderer for id : 5
[Triad Client   17:33:31]  No entity renderer for id : 5
