#
# A fatal error has been detected by the Java Runtime Environment:
#
#  EXCEPTION_ACCESS_VIOLATION (0xc0000005) at pc=0x00007ffd4a7eea49, pid=11736, tid=0x0000000000002e38
#
# JRE version: Java(TM) SE Runtime Environment (8.0_144-b01) (build 1.8.0_144-b01)
# Java VM: Java HotSpot(TM) 64-Bit Server VM (25.144-b01 mixed mode windows-amd64 compressed oops)
# Problematic frame:
# C  [lwjgl_opengl.dll+0xea49]
#
# Failed to write core dump. Minidumps are not enabled by default on client versions of Windows
#
# If you would like to submit a bug report, please visit:
#   http://bugreport.java.com/bugreport/crash.jsp
# The crash happened outside the Java Virtual Machine in native code.
# See problematic frame for where to report the bug.
#

---------------  T H R E A D  ---------------

Current thread (0x0000000002c24000):  JavaThread "main" [_thread_in_native, id=11832, stack(0x0000000002930000,0x0000000002a30000)]

siginfo: ExceptionCode=0xc0000005, reading address 0x00000000000003b0

Registers:
RAX=0x000000005d0e1d50, RBX=0x000000001c5835c8, RCX=0x0000000000000000, RDX=0x0000000002a2f170
RSP=0x0000000002a2f0d8, RBP=0x0000000002a2f160, RSI=0x00000000f801fa38, RDI=0x0000000002d2835d
R8 =0x0000000000000004, R9 =0x00000000029284f0, R10=0x0000000002d37f48, R11=0x000000005cb6bc50
R12=0x0000000000000000, R13=0x000000001c5835c0, R14=0x0000000002a2f198, R15=0x0000000002c24000
RIP=0x00007ffd4a7eea49, EFLAGS=0x0000000000010202

Top of Stack: (sp=0x0000000002a2f0d8)
0x0000000002a2f0d8:   0000000002d37f74 0000000002d2835d
0x0000000002a2f0e8:   0000000002d37cdd 0000000002c24000
0x0000000002a2f0f8:   000000001c5835c8 0000000000000000
0x0000000002a2f108:   000000003f800000 0000000002a2f1f0
0x0000000002a2f118:   0000000002d37ca2 0000000002a2f120
0x0000000002a2f128:   000000001c5835c0 0000000002a2f198
0x0000000002a2f138:   000000001c5ad310 0000000000000000
0x0000000002a2f148:   000000001c5835c8 0000000000000000
0x0000000002a2f158:   0000000002a2f180 0000000002a2f1e0
0x0000000002a2f168:   0000000002d2835d 000000076c310af8
0x0000000002a2f178:   0000000002d319d8 00007ffd3f800000
0x0000000002a2f188:   0000000000000000 0000000000000000
0x0000000002a2f198:   0000000700000000 0000000002a2f1a0
0x0000000002a2f1a8:   000000001c1f4066 0000000002a2f1f0
0x0000000002a2f1b8:   000000001c1f4a08 0000000000000000
0x0000000002a2f1c8:   000000001c1f40b0 0000000002a2f180 

Instructions: (pc=0x00007ffd4a7eea49)
0x00007ffd4a7eea29:   48 ff a1 78 03 00 00 48 8b 01 0f 28 cb f3 0f 10
0x00007ffd4a7eea39:   5c 24 30 0f 28 c2 f3 0f 10 54 24 28 48 8b 48 18
0x00007ffd4a7eea49:   48 ff a1 b0 03 00 00 48 8b 01 0f 28 c2 48 8b 48
0x00007ffd4a7eea59:   18 48 ff a1 c8 03 00 00 cc cc cc cc cc cc cc cc 


Register to memory mapping:

RAX=0x000000005d0e1d50 is an unknown value
RBX={method} {0x000000001c5835d0} 'glClearColor' '(FFFF)V' in 'org/lwjgl/opengl/GL11'
RCX=0x0000000000000000 is an unknown value
RDX=0x0000000002a2f170 is pointing into the stack for thread: 0x0000000002c24000
RSP=0x0000000002a2f0d8 is pointing into the stack for thread: 0x0000000002c24000
RBP=0x0000000002a2f160 is pointing into the stack for thread: 0x0000000002c24000
RSI=0x00000000f801fa38 is an unknown value
RDI=0x0000000002d2835d is at code_begin+2301 in an Interpreter codelet
invoke return entry points  [0x0000000002d27a60, 0x0000000002d28440]  2528 bytes
R8 =0x0000000000000004 is an unknown value
R9 =0x00000000029284f0 is an unknown value
R10=0x0000000002d37f48 is at code_begin+840 in an Interpreter codelet
method entry point (kind = native)  [0x0000000002d37c00, 0x0000000002d38560]  2400 bytes
R11=0x000000005cb6bc50 is an unknown value
R12=0x0000000000000000 is an unknown value
R13=0x000000001c5835c0 is pointing into metadata
R14=0x0000000002a2f198 is pointing into the stack for thread: 0x0000000002c24000
R15=0x0000000002c24000 is a thread


Stack: [0x0000000002930000,0x0000000002a30000],  sp=0x0000000002a2f0d8,  free space=1020k
Native frames: (J=compiled Java code, j=interpreted, Vv=VM code, C=native code)
C  [lwjgl_opengl.dll+0xea49]

Java frames: (J=compiled Java code, j=interpreted, Vv=VM code)
j  org.lwjgl.opengl.GL11.glClearColor(FFFF)V+0
j  com.dazkins.triad.Triad.initOpenGL()V+14
j  com.dazkins.triad.Triad.<init>()V+77
j  com.dazkins.triad.Triad.main([Ljava/lang/String;)V+7
v  ~StubRoutines::call_stub

---------------  P R O C E S S  ---------------

Java Threads: ( => current thread )
  0x000000001f75d000 JavaThread "Thread-1" [_thread_in_native, id=12700, stack(0x00000000200e0000,0x00000000201e0000)]
  0x000000001ea5f000 JavaThread "Service Thread" daemon [_thread_blocked, id=11152, stack(0x000000001f3a0000,0x000000001f4a0000)]
  0x000000001e9c5000 JavaThread "C1 CompilerThread3" daemon [_thread_blocked, id=14480, stack(0x000000001f2a0000,0x000000001f3a0000)]
  0x000000001e9c4800 JavaThread "C2 CompilerThread2" daemon [_thread_blocked, id=4528, stack(0x000000001f1a0000,0x000000001f2a0000)]
  0x000000001e9c3800 JavaThread "C2 CompilerThread1" daemon [_thread_blocked, id=8536, stack(0x000000001f0a0000,0x000000001f1a0000)]
  0x000000001e9c3000 JavaThread "C2 CompilerThread0" daemon [_thread_blocked, id=11940, stack(0x000000001efa0000,0x000000001f0a0000)]
  0x000000001e959000 JavaThread "Monitor Ctrl-Break" daemon [_thread_in_native, id=13456, stack(0x000000001eea0000,0x000000001efa0000)]
  0x000000001e6d0000 JavaThread "Attach Listener" daemon [_thread_blocked, id=11860, stack(0x000000001ed90000,0x000000001ee90000)]
  0x000000001e6ce800 JavaThread "Signal Dispatcher" daemon [_thread_blocked, id=6264, stack(0x000000001ec90000,0x000000001ed90000)]
  0x000000001e6c0800 JavaThread "Finalizer" daemon [_thread_blocked, id=14840, stack(0x000000001eaa0000,0x000000001eba0000)]
  0x000000001c7dd800 JavaThread "Reference Handler" daemon [_thread_blocked, id=8932, stack(0x000000001e5a0000,0x000000001e6a0000)]
=>0x0000000002c24000 JavaThread "main" [_thread_in_native, id=11832, stack(0x0000000002930000,0x0000000002a30000)]

Other Threads:
  0x000000001c7d8800 VMThread [stack: 0x000000001e4a0000,0x000000001e5a0000] [id=15732]
  0x000000001ea9e800 WatcherThread [stack: 0x000000001fca0000,0x000000001fda0000] [id=3896]

VM state:not at safepoint (normal execution)

VM Mutex/Monitor currently owned by a thread: None

Heap:
 PSYoungGen      total 76288K, used 22305K [0x000000076ae00000, 0x0000000770300000, 0x00000007c0000000)
  eden space 65536K, 34% used [0x000000076ae00000,0x000000076c3c8668,0x000000076ee00000)
  from space 10752K, 0% used [0x000000076f880000,0x000000076f880000,0x0000000770300000)
  to   space 10752K, 0% used [0x000000076ee00000,0x000000076ee00000,0x000000076f880000)
 ParOldGen       total 175104K, used 0K [0x00000006c0a00000, 0x00000006cb500000, 0x000000076ae00000)
  object space 175104K, 0% used [0x00000006c0a00000,0x00000006c0a00000,0x00000006cb500000)
 Metaspace       used 8881K, capacity 9064K, committed 9344K, reserved 1056768K
  class space    used 969K, capacity 1028K, committed 1152K, reserved 1048576K

Card table byte_map: [0x00000000120e0000,0x00000000128e0000] byte_map_base: 0x000000000eadb000

Marking Bits: (ParMarkBitMap*) 0x000000005d15d850
 Begin Bits: [0x0000000013640000, 0x0000000017618000)
 End Bits:   [0x0000000017618000, 0x000000001b5f0000)

Polling page: 0x0000000002a30000

CodeCache: size=245760Kb used=2894Kb max_used=2894Kb free=242865Kb
 bounds [0x0000000002d20000, 0x0000000003000000, 0x0000000011d20000]
 total_blobs=1429 nmethods=676 adapters=666
 compilation: enabled

Compilation events (10 events):
Event: 0.586 Thread 0x000000001e9c5000  671       3       java.lang.System$2::blockedOn (6 bytes)
Event: 0.586 Thread 0x000000001e9c5000 nmethod 671 0x0000000002ff20d0 code [0x0000000002ff2240, 0x0000000002ff2630]
Event: 0.586 Thread 0x000000001e9c5000  672       1       java.nio.HeapByteBuffer::isReadOnly (2 bytes)
Event: 0.586 Thread 0x000000001e9c5000 nmethod 672 0x0000000002ff2790 code [0x0000000002ff28e0, 0x0000000002ff29f0]
Event: 0.587 Thread 0x000000001e9c5000  673       3       java.lang.ClassLoader::checkPackageAccess (122 bytes)
Event: 0.587 Thread 0x000000001e9c5000 nmethod 673 0x0000000002ff2a50 code [0x0000000002ff2c80, 0x0000000002ff3868]
Event: 0.587 Thread 0x000000001e9c5000  674   !   3       java.util.Collections$SynchronizedCollection::add (25 bytes)
Event: 0.587 Thread 0x000000001e9c5000 nmethod 674 0x0000000002ff4190 code [0x0000000002ff4300, 0x0000000002ff46c8]
Event: 0.587 Thread 0x000000001e9c5000  675  s    3       java.lang.Throwable::fillInStackTrace (29 bytes)
Event: 0.587 Thread 0x000000001e9c5000 nmethod 675 0x0000000002ff4810 code [0x0000000002ff4980, 0x0000000002ff4d28]

GC Heap History (0 events):
No events

Deoptimization events (5 events):
Event: 0.192 Thread 0x0000000002c24000 Uncommon trap: reason=unstable_if action=reinterpret pc=0x0000000002eed40c method=sun.misc.MetaIndex.mayContain(Ljava/lang/String;)Z @ 13
Event: 0.227 Thread 0x0000000002c24000 Uncommon trap: reason=unstable_if action=reinterpret pc=0x0000000002ea8534 method=java.lang.String.lastIndexOf([CII[CIII)I @ 66
Event: 0.258 Thread 0x0000000002c24000 Uncommon trap: reason=unstable_if action=reinterpret pc=0x0000000002ec6a08 method=java.lang.String.indexOf([CII[CIII)I @ 134
Event: 0.261 Thread 0x0000000002c24000 Uncommon trap: reason=unstable_if action=reinterpret pc=0x0000000002f1b198 method=java.lang.AbstractStringBuilder.append(Ljava/lang/String;)Ljava/lang/AbstractStringBuilder; @ 1
Event: 0.261 Thread 0x0000000002c24000 Uncommon trap: reason=unstable_if action=reinterpret pc=0x0000000002f10210 method=java.lang.AbstractStringBuilder.append(Ljava/lang/String;)Ljava/lang/AbstractStringBuilder; @ 1

Internal exceptions (10 events):
Event: 0.123 Thread 0x0000000002c24000 Exception <a 'java/security/PrivilegedActionException'> (0x000000076b1cabe8) thrown at [C:\re\workspace\8-2-build-windows-amd64-cygwin\jdk8u144\9417\hotspot\src\share\vm\prims\jvm.cpp, line 1390]
Event: 0.123 Thread 0x0000000002c24000 Exception <a 'java/security/PrivilegedActionException'> (0x000000076b1cafe0) thrown at [C:\re\workspace\8-2-build-windows-amd64-cygwin\jdk8u144\9417\hotspot\src\share\vm\prims\jvm.cpp, line 1390]
Event: 0.242 Thread 0x0000000002c24000 Exception <a 'java/lang/NoSuchFieldError': method resolution failed> (0x000000076bd09410) thrown at [C:\re\workspace\8-2-build-windows-amd64-cygwin\jdk8u144\9417\hotspot\src\share\vm\prims\methodHandles.cpp, line 1146]
Event: 0.243 Thread 0x0000000002c24000 Exception <a 'java/lang/NoSuchFieldError': method resolution failed> (0x000000076bd175f8) thrown at [C:\re\workspace\8-2-build-windows-amd64-cygwin\jdk8u144\9417\hotspot\src\share\vm\prims\methodHandles.cpp, line 1146]
Event: 0.260 Thread 0x0000000002c24000 Exception <a 'java/lang/NullPointerException'> (0x000000076be5cc08) thrown at [C:\re\workspace\8-2-build-windows-amd64-cygwin\jdk8u144\9417\hotspot\src\share\vm\interpreter\linkResolver.cpp, line 1197]
Event: 0.261 Thread 0x0000000002c24000 Implicit null exception at 0x0000000002f1add6 to 0x0000000002f1b181
Event: 0.261 Thread 0x0000000002c24000 Implicit null exception at 0x0000000002f0fe56 to 0x0000000002f101f9
Event: 0.268 Thread 0x0000000002c24000 Exception <a 'java/lang/NoSuchMethodError': java.lang.Object.lambda$static$0(Ljava/lang/String;)Ljava/lang/Boolean;> (0x000000076c0033a8) thrown at [C:\re\workspace\8-2-build-windows-amd64-cygwin\jdk8u144\9417\hotspot\src\share\vm\interpreter\linkResolver
Event: 0.587 Thread 0x0000000002c24000 Exception <a 'sun/nio/fs/WindowsException'> (0x000000076c35b688) thrown at [C:\re\workspace\8-2-build-windows-amd64-cygwin\jdk8u144\9417\hotspot\src\share\vm\prims\jni.cpp, line 709]
Event: 0.587 Thread 0x0000000002c24000 Exception <a 'sun/nio/fs/WindowsException'> (0x000000076c35bce0) thrown at [C:\re\workspace\8-2-build-windows-amd64-cygwin\jdk8u144\9417\hotspot\src\share\vm\prims\jni.cpp, line 709]

Events (10 events):
Event: 0.587 loading class org/lwjgl/opengl/GL$4
Event: 0.587 loading class org/lwjgl/opengl/GL$4 done
Event: 0.587 loading class java/nio/file/NoSuchFileException
Event: 0.587 loading class java/nio/file/NoSuchFileException done
Event: 0.587 loading class org/lwjgl/opengl/GL$1
Event: 0.587 loading class org/lwjgl/opengl/GL$1 done
Event: 0.587 loading class org/lwjgl/opengl/GL$SharedLibraryGL
Event: 0.587 loading class org/lwjgl/opengl/GL$SharedLibraryGL done
Event: 0.588 loading class org/lwjgl/system/SharedLibrary$Delegate
Event: 0.588 loading class org/lwjgl/system/SharedLibrary$Delegate done


Dynamic libraries:
0x00007ff7df8a0000 - 0x00007ff7df8d7000 	C:\Program Files\Java\jdk1.8.0_144\bin\java.exe
0x00007ffd78fd0000 - 0x00007ffd791ab000 	C:\Windows\SYSTEM32\ntdll.dll
0x00007ffd77be0000 - 0x00007ffd77c8e000 	C:\Windows\System32\KERNEL32.DLL
0x00007ffd75910000 - 0x00007ffd75b59000 	C:\Windows\System32\KERNELBASE.dll
0x00007ffd78ec0000 - 0x00007ffd78f61000 	C:\Windows\System32\ADVAPI32.dll
0x00007ffd779f0000 - 0x00007ffd77a8d000 	C:\Windows\System32\msvcrt.dll
0x00007ffd78f70000 - 0x00007ffd78fc9000 	C:\Windows\System32\sechost.dll
0x00007ffd78650000 - 0x00007ffd78775000 	C:\Windows\System32\RPCRT4.dll
0x00007ffd788a0000 - 0x00007ffd789ea000 	C:\Windows\System32\USER32.dll
0x00007ffd75720000 - 0x00007ffd7573e000 	C:\Windows\System32\win32u.dll
0x00007ffd77e30000 - 0x00007ffd77e57000 	C:\Windows\System32\GDI32.dll
0x00007ffd754f0000 - 0x00007ffd75677000 	C:\Windows\System32\gdi32full.dll
0x00007ffd75680000 - 0x00007ffd7571a000 	C:\Windows\System32\msvcp_win.dll
0x00007ffd75b60000 - 0x00007ffd75c56000 	C:\Windows\System32\ucrtbase.dll
0x00007ffd67820000 - 0x00007ffd67a87000 	C:\Windows\WinSxS\amd64_microsoft.windows.common-controls_6595b64144ccf1df_6.0.15063.483_none_26002d27e7c744a2\COMCTL32.dll
0x00007ffd78b60000 - 0x00007ffd78e59000 	C:\Windows\System32\combase.dll
0x00007ffd764c0000 - 0x00007ffd7652a000 	C:\Windows\System32\bcryptPrimitives.dll
0x00007ffd77e60000 - 0x00007ffd77e8d000 	C:\Windows\System32\IMM32.DLL
0x000000005d1e0000 - 0x000000005d2b2000 	C:\Program Files\Java\jdk1.8.0_144\jre\bin\msvcr100.dll
0x000000005c940000 - 0x000000005d1dd000 	C:\Program Files\Java\jdk1.8.0_144\jre\bin\server\jvm.dll
0x00007ffd78890000 - 0x00007ffd78898000 	C:\Windows\System32\PSAPI.DLL
0x00007ffd6ddc0000 - 0x00007ffd6ddc9000 	C:\Windows\SYSTEM32\WSOCK32.dll
0x00007ffd73a10000 - 0x00007ffd73a33000 	C:\Windows\SYSTEM32\WINMM.dll
0x00007ffd78470000 - 0x00007ffd784dc000 	C:\Windows\System32\WS2_32.dll
0x00007ffd70ac0000 - 0x00007ffd70aca000 	C:\Windows\SYSTEM32\VERSION.dll
0x00007ffd739b0000 - 0x00007ffd739db000 	C:\Windows\SYSTEM32\winmmbase.dll
0x00007ffd75c60000 - 0x00007ffd75ca9000 	C:\Windows\System32\cfgmgr32.dll
0x000000005c930000 - 0x000000005c93f000 	C:\Program Files\Java\jdk1.8.0_144\jre\bin\verify.dll
0x000000005c900000 - 0x000000005c929000 	C:\Program Files\Java\jdk1.8.0_144\jre\bin\java.dll
0x000000005c8d0000 - 0x000000005c8f3000 	C:\Program Files\Java\jdk1.8.0_144\jre\bin\instrument.dll
0x000000005c8b0000 - 0x000000005c8c6000 	C:\Program Files\Java\jdk1.8.0_144\jre\bin\zip.dll
0x00007ffd765b0000 - 0x00007ffd779e6000 	C:\Windows\System32\SHELL32.dll
0x00007ffd77b30000 - 0x00007ffd77bda000 	C:\Windows\System32\shcore.dll
0x00007ffd75dc0000 - 0x00007ffd764b1000 	C:\Windows\System32\windows.storage.dll
0x00007ffd76550000 - 0x00007ffd765a1000 	C:\Windows\System32\shlwapi.dll
0x00007ffd75480000 - 0x00007ffd75491000 	C:\Windows\System32\kernel.appcore.dll
0x00007ffd754a0000 - 0x00007ffd754ec000 	C:\Windows\System32\powrprof.dll
0x00007ffd75460000 - 0x00007ffd75475000 	C:\Windows\System32\profapi.dll
0x00007ffd50530000 - 0x00007ffd5054a000 	C:\Program Files\JetBrains\IntelliJ IDEA Community Edition 2017.2.5\bin\breakgen64.dll
0x000000005c890000 - 0x000000005c8aa000 	C:\Program Files\Java\jdk1.8.0_144\jre\bin\net.dll
0x00007ffd74d50000 - 0x00007ffd74dac000 	C:\Windows\system32\mswsock.dll
0x000000005c870000 - 0x000000005c881000 	C:\Program Files\Java\jdk1.8.0_144\jre\bin\nio.dll
0x00007ffd74ef0000 - 0x00007ffd74f07000 	C:\Windows\SYSTEM32\CRYPTSP.dll
0x00007ffd74970000 - 0x00007ffd749a4000 	C:\Windows\system32\rsaenh.dll
0x00007ffd75000000 - 0x00007ffd75025000 	C:\Windows\SYSTEM32\bcrypt.dll
0x00007ffd75370000 - 0x00007ffd75399000 	C:\Windows\SYSTEM32\USERENV.dll
0x00007ffd74f10000 - 0x00007ffd74f1b000 	C:\Windows\SYSTEM32\CRYPTBASE.dll
0x00007ffd74af0000 - 0x00007ffd74b27000 	C:\Windows\SYSTEM32\IPHLPAPI.DLL
0x00007ffd789f0000 - 0x00007ffd789f8000 	C:\Windows\System32\NSI.dll
0x00007ffd715e0000 - 0x00007ffd715f6000 	C:\Windows\SYSTEM32\dhcpcsvc6.DLL
0x00007ffd71530000 - 0x00007ffd7154a000 	C:\Windows\SYSTEM32\dhcpcsvc.DLL
0x00007ffd4ad60000 - 0x00007ffd4adb8000 	C:\Users\David Atkins\AppData\Local\Temp\lwjglDavid Atkins\3.1.3-SNAPSHOT\lwjgl.dll
0x00007ffd50400000 - 0x00007ffd5044d000 	C:\Users\DAVIDA~1\AppData\Local\Temp\lwjglDavid Atkins\3.1.3-SNAPSHOT\glfw.dll
0x00007ffd73d40000 - 0x00007ffd73dd5000 	C:\Windows\system32\uxtheme.dll
0x00007ffd4eed0000 - 0x00007ffd4ef12000 	C:\Windows\SYSTEM32\dinput8.dll
0x00007ffd6cb40000 - 0x00007ffd6cb4e000 	C:\Windows\SYSTEM32\xinput1_4.dll
0x00007ffd73fc0000 - 0x00007ffd73fe8000 	C:\Windows\SYSTEM32\DEVOBJ.dll
0x00007ffd72580000 - 0x00007ffd725aa000 	C:\Windows\SYSTEM32\dwmapi.dll
0x00007ffd784e0000 - 0x00007ffd78646000 	C:\Windows\System32\MSCTF.dll
0x00007ffd77ef0000 - 0x00007ffd77fb0000 	C:\Windows\System32\OLEAUT32.dll
0x00007ffd74300000 - 0x00007ffd7430d000 	C:\Windows\SYSTEM32\HID.DLL
0x00007ffd78030000 - 0x00007ffd7846b000 	C:\Windows\System32\SETUPAPI.DLL
0x00007ffd75d60000 - 0x00007ffd75db6000 	C:\Windows\System32\WINTRUST.dll
0x00007ffd75440000 - 0x00007ffd75451000 	C:\Windows\System32\MSASN1.dll
0x00007ffd75740000 - 0x00007ffd75909000 	C:\Windows\System32\CRYPT32.dll
0x00007ffd480d0000 - 0x00007ffd481f1000 	C:\Windows\SYSTEM32\opengl32.dll
0x00007ffd6b1a0000 - 0x00007ffd6b1cc000 	C:\Windows\SYSTEM32\GLU32.dll
0x000000005a5a0000 - 0x000000005c867000 	C:\Windows\SYSTEM32\nvoglv64.DLL
0x00007ffd78a00000 - 0x00007ffd78b45000 	C:\Windows\System32\ole32.dll
0x00007ffd72420000 - 0x00007ffd72433000 	C:\Windows\SYSTEM32\WTSAPI32.dll
0x00007ffd74650000 - 0x00007ffd74681000 	C:\Windows\SYSTEM32\ntmarta.dll
0x00007ffd67e50000 - 0x00007ffd6800d000 	C:\Windows\system32\nvspcap64.dll
0x00007ffd746c0000 - 0x00007ffd74715000 	C:\Windows\SYSTEM32\WINSTA.dll
0x00007ffd6e0c0000 - 0x00007ffd6e142000 	C:\Windows\System32\TextInputFramework.dll
0x00007ffd705a0000 - 0x00007ffd70872000 	C:\Windows\System32\CoreUIComponents.dll
0x00007ffd733c0000 - 0x00007ffd734a3000 	C:\Windows\System32\CoreMessaging.dll
0x00007ffd717d0000 - 0x00007ffd71909000 	C:\Windows\SYSTEM32\wintypes.dll
0x00007ffd72400000 - 0x00007ffd72415000 	C:\Windows\SYSTEM32\usermgrcli.dll
0x00007ffd4a7e0000 - 0x00007ffd4a83f000 	C:\Users\David Atkins\AppData\Local\Temp\lwjglDavid Atkins\3.1.3-SNAPSHOT\lwjgl_opengl.dll
0x00007ffd68360000 - 0x00007ffd68509000 	C:\Windows\SYSTEM32\dbghelp.dll

VM Arguments:
jvm_args: -javaagent:C:\Program Files\JetBrains\IntelliJ IDEA Community Edition 2017.2.5\lib\idea_rt.jar=60563:C:\Program Files\JetBrains\IntelliJ IDEA Community Edition 2017.2.5\bin -Dfile.encoding=UTF-8 
java_command: com.dazkins.triad.Triad
java_class_path (initial): C:\dev\Java\Triad\bin;C:\Program Files\Java\jdk1.8.0_144\jre\lib\charsets.jar;C:\Program Files\Java\jdk1.8.0_144\jre\lib\deploy.jar;C:\Program Files\Java\jdk1.8.0_144\jre\lib\ext\access-bridge-64.jar;C:\Program Files\Java\jdk1.8.0_144\jre\lib\ext\cldrdata.jar;C:\Program Files\Java\jdk1.8.0_144\jre\lib\ext\dnsns.jar;C:\Program Files\Java\jdk1.8.0_144\jre\lib\ext\jaccess.jar;C:\Program Files\Java\jdk1.8.0_144\jre\lib\ext\jfxrt.jar;C:\Program Files\Java\jdk1.8.0_144\jre\lib\ext\localedata.jar;C:\Program Files\Java\jdk1.8.0_144\jre\lib\ext\nashorn.jar;C:\Program Files\Java\jdk1.8.0_144\jre\lib\ext\sunec.jar;C:\Program Files\Java\jdk1.8.0_144\jre\lib\ext\sunjce_provider.jar;C:\Program Files\Java\jdk1.8.0_144\jre\lib\ext\sunmscapi.jar;C:\Program Files\Java\jdk1.8.0_144\jre\lib\ext\sunpkcs11.jar;C:\Program Files\Java\jdk1.8.0_144\jre\lib\ext\zipfs.jar;C:\Program Files\Java\jdk1.8.0_144\jre\lib\javaws.jar;C:\Program Files\Java\jdk1.8.0_144\jre\lib\jce.jar;C:\Program Files\Java\jdk1.8.0_144\jre\lib\jfr.jar;C:\Program Files\Java\jdk1.8.0_144\jre\lib\jfxswt.jar;C:\Program Files\Java\jdk1.8.0_144\jre\lib\jsse.jar;C:\Program Files\Java\jdk1.8.0_144\jre\lib\management-agent.jar;C:\Program Files\Java\jdk1.8.0_144\jre\lib\plugin.jar;C:\Program Files\Java\jdk1.8.0_144\jre\lib\resources.jar;C:\Program Files\Java\jdk1.8.0_144\jre\lib\rt.jar;C:\dev\Java\Triad\libs\lwjgl.jar;C:\dev\Java\Triad\libs\disruptor.jar;C:\dev\Java\Triad\libs\lwjgl-egl.jar;C:\dev\Java\Triad\libs\lwjgl-nfd.jar;C:\dev\Java\Triad\libs\lwjgl-ovr.jar;C:\dev\Java\Triad\libs\lwjgl-par.jar;C:\dev\Java\Triad\libs\lwjgl-sse.jar;C:\dev\Java\Triad\libs\lwjgl-stb.jar;C:\dev\Java\Triad\libs\lwjgl-bgfx.jar;C:\dev\Java\Triad\libs\lwjgl-glfw.jar;C:\dev\Java\Triad\libs\lwjgl-jawt.jar;C:\dev\Java\Triad\libs\lwjgl-lmdb.jar;C:\dev\Java\Triad\libs\lwjgl-yoga.jar;C:\dev\Java\Triad\libs\lwjgl-assimp.jar;C:\dev\Java\Triad\libs\lwjgl-nanovg.jar;C:\dev\Java\Triad\libs\lwjgl-openal.jar;C:\dev\Java\Triad\libs\lw
Launcher Type: SUN_STANDARD

Environment Variables:
PATH=C:\ProgramData\Oracle\Java\javapath;C:\Windows\system32;C:\Windows;C:\Windows\System32\Wbem;C:\Windows\System32\WindowsPowerShell\v1.0\;C:\Program Files (x86)\Skype\Phone\;C:\Program Files\MiKTeX 2.9\miktex\bin\x64\;C:\Program Files (x86)\NVIDIA Corporation\PhysX\Common;C:\Users\David Atkins\AppData\Local\Microsoft\WindowsApps;C:\Users\David Atkins\AppData\Local\GitHubDesktop\bin;C:\Python27;
USERNAME=David Atkins
OS=Windows_NT
PROCESSOR_IDENTIFIER=Intel64 Family 6 Model 158 Stepping 9, GenuineIntel



---------------  S Y S T E M  ---------------

OS: Windows 10.0 , 64 bit Build 15063 (10.0.15063.296)

CPU:total 8 (initial active 8) (4 cores per cpu, 2 threads per core) family 6 model 158 stepping 9, cmov, cx8, fxsr, mmx, sse, sse2, sse3, ssse3, sse4.1, sse4.2, popcnt, avx, avx2, aes, clmul, erms, rtm, 3dnowpref, lzcnt, ht, tsc, tscinvbit, bmi1, bmi2, adx

Memory: 4k page, physical 16735424k(11341132k free), swap 19225792k(12191504k free)

vm_info: Java HotSpot(TM) 64-Bit Server VM (25.144-b01) for windows-amd64 JRE (1.8.0_144-b01), built on Jul 21 2017 21:57:33 by "java_re" with MS VC++ 10.0 (VS2010)

time: Sat Nov 11 22:06:38 2017
elapsed time: 0 seconds (0d 0h 0m 0s)

