#
# A fatal error has been detected by the Java Runtime Environment:
#
#  EXCEPTION_ACCESS_VIOLATION (0xc0000005) at pc=0x0000000057559150, pid=246884, tid=237000
#
# JRE version: Java(TM) SE Runtime Environment (8.0_45-b14) (build 1.8.0_45-b14)
# Java VM: Java HotSpot(TM) 64-Bit Server VM (25.45-b02 mixed mode windows-amd64 compressed oops)
# Problematic frame:
# C  [nvoglv64.DLL+0x909150]
#
# Failed to write core dump. Minidumps are not enabled by default on client versions of Windows
#
# If you would like to submit a bug report, please visit:
#   http://bugreport.java.com/bugreport/crash.jsp
# The crash happened outside the Java Virtual Machine in native code.
# See problematic frame for where to report the bug.
#

---------------  T H R E A D  ---------------

Current thread (0x00000000021f0800):  JavaThread "main" [_thread_in_native, id=237000, stack(0x00000000020f0000,0x00000000021f0000)]

siginfo: ExceptionCode=0xc0000005, reading address 0x000000000000000c

Registers:
RAX=0x0000000000000006, RBX=0x000000001b9458c0, RCX=0x000000002034398c, RDX=0x0000000000000000
RSP=0x00000000021eef70, RBP=0x0000000000000008, RSI=0x0000000000000004, RDI=0x000000002034398c
R8 =0x0000000000000004, R9 =0xffffffffdfcbc680, R10=0x000000000000000c, R11=0x0000000000000004
R12=0x0000000000000000, R13=0x0000000056c50000, R14=0x0000000000000008, R15=0x000000001b945800
RIP=0x0000000057559150, EFLAGS=0x0000000000010283

Top of Stack: (sp=0x00000000021eef70)
0x00000000021eef70:   0000000016c35c28 00000000021ef008
0x00000000021eef80:   0000000000000108 0000000057405beb
0x00000000021eef90:   0000000000000000 0000000000000008
0x00000000021eefa0:   0000000000000000 000000000002810b
0x00000000021eefb0:   000000001b945800 0000000057559c28
0x00000000021eefc0:   000000001b945080 0000000000000004
0x00000000021eefd0:   0000000000000007 00000000021ef058
0x00000000021eefe0:   00000000021f0800 00000000021ef0e0
0x00000000021eeff0:   0000000016c14198 0000000000000000
0x00000000021ef000:   0000000000000a4d 0000000002305e34
0x00000000021ef010:   0000000016c14198 00000000021ef0a0
0x00000000021ef020:   0000000000000108 00000000574e6840
0x00000000021ef030:   0000000000000004 00000000574b30c0
0x00000000021ef040:   00000000021ef0a0 0000000000000024
0x00000000021ef050:   0000000000001406 0000000000000002
0x00000000021ef060:   00000000021ef060 0000000000000000 

Instructions: (pc=0x0000000057559150)
0x0000000057559130:   f6 0f 8e 23 01 00 00 44 8b 43 08 4c 8b de 66 90
0x0000000057559140:   33 d2 45 85 c0 7e 1f 4d 8b ca 48 8b cf 4c 2b cf
0x0000000057559150:   42 8b 04 09 ff c2 48 8d 49 04 89 41 fc 44 8b 43
0x0000000057559160:   08 41 3b d0 7c ea 48 63 43 10 4c 03 d0 48 63 43 


Register to memory mapping:

RAX=0x0000000000000006 is an unknown value
RBX=0x000000001b9458c0 is an unknown value
RCX=0x000000002034398c is an unknown value
RDX=0x0000000000000000 is an unknown value
RSP=0x00000000021eef70 is pointing into the stack for thread: 0x00000000021f0800
RBP=0x0000000000000008 is an unknown value
RSI=0x0000000000000004 is an unknown value
RDI=0x000000002034398c is an unknown value
R8 =0x0000000000000004 is an unknown value
R9 =0xffffffffdfcbc680 is an unknown value
R10=0x000000000000000c is an unknown value
R11=0x0000000000000004 is an unknown value
R12=0x0000000000000000 is an unknown value
R13=0x0000000056c50000 is an unknown value
R14=0x0000000000000008 is an unknown value
R15=0x000000001b945800 is an unknown value


Stack: [0x00000000020f0000,0x00000000021f0000],  sp=0x00000000021eef70,  free space=1019k
Native frames: (J=compiled Java code, j=interpreted, Vv=VM code, C=native code)
C  [nvoglv64.DLL+0x909150]
C  [nvoglv64.DLL+0x909c28]
C  0x0000000002305e34

Java frames: (J=compiled Java code, j=interpreted, Vv=VM code)
j  org.lwjgl.opengl.GL11.nglDrawArrays(IIIJ)V+0
j  org.lwjgl.opengl.GL11.glDrawArrays(III)V+22
j  com.dazkins.triad.gfx.BufferObject.render()V+139
j  com.dazkins.triad.gfx.model.Quad.render()V+45
j  com.dazkins.triad.gfx.model.Model.render()V+202
j  com.dazkins.triad.gfx.model.ModelHumanoid.render(I)V+65
j  com.dazkins.triad.game.entity.renderer.EntityRenderer.render(Lcom/dazkins/triad/gfx/Camera;)V+90
j  com.dazkins.triad.networking.client.EntityRendererManager.render(Lcom/dazkins/triad/gfx/Camera;)V+112
j  com.dazkins.triad.networking.client.ClientWorldManager.render()V+19
j  com.dazkins.triad.game.GameStatePlaying.render()V+14
j  com.dazkins.triad.Triad.render()V+10
j  com.dazkins.triad.Triad.runLoop()V+89
j  com.dazkins.triad.Triad.run()V+6
j  java.lang.Thread.run()V+11
j  com.dazkins.triad.Triad.main([Ljava/lang/String;)V+16
v  ~StubRoutines::call_stub

---------------  P R O C E S S  ---------------

Java Threads: ( => current thread )
  0x000000001a005000 JavaThread "Thread-144" [_thread_blocked, id=226596, stack(0x0000000030dd0000,0x0000000030ed0000)]
  0x000000001a009800 JavaThread "Thread-143" [_thread_blocked, id=204992, stack(0x0000000030cd0000,0x0000000030dd0000)]
  0x000000001a006800 JavaThread "Thread-142" [_thread_blocked, id=239668, stack(0x0000000030bd0000,0x0000000030cd0000)]
  0x000000001a009000 JavaThread "Thread-141" [_thread_blocked, id=243324, stack(0x0000000030ad0000,0x0000000030bd0000)]
  0x000000001a00a800 JavaThread "Thread-140" [_thread_blocked, id=194408, stack(0x00000000309d0000,0x0000000030ad0000)]
  0x0000000019ffd800 JavaThread "Thread-139" [_thread_blocked, id=205076, stack(0x00000000308d0000,0x00000000309d0000)]
  0x000000001a004800 JavaThread "Thread-138" [_thread_blocked, id=245116, stack(0x00000000307d0000,0x00000000308d0000)]
  0x000000001a003800 JavaThread "Thread-137" [_thread_blocked, id=233392, stack(0x00000000306d0000,0x00000000307d0000)]
  0x0000000019ffc000 JavaThread "Thread-136" [_thread_blocked, id=171632, stack(0x00000000305d0000,0x00000000306d0000)]
  0x0000000019ffd000 JavaThread "Thread-135" [_thread_blocked, id=221352, stack(0x00000000304d0000,0x00000000305d0000)]
  0x000000001a003000 JavaThread "Thread-134" [_thread_blocked, id=249612, stack(0x00000000303d0000,0x00000000304d0000)]
  0x0000000019ffb800 JavaThread "Thread-133" [_thread_blocked, id=261384, stack(0x00000000302d0000,0x00000000303d0000)]
  0x000000001a002000 JavaThread "Thread-132" [_thread_blocked, id=243236, stack(0x00000000301d0000,0x00000000302d0000)]
  0x000000001a000800 JavaThread "Thread-131" [_thread_blocked, id=212576, stack(0x00000000300d0000,0x00000000301d0000)]
  0x000000001a001800 JavaThread "Thread-130" [_thread_in_native, id=247268, stack(0x000000002ffd0000,0x00000000300d0000)]
  0x0000000019fff000 JavaThread "Thread-129" [_thread_blocked, id=250772, stack(0x000000002fed0000,0x000000002ffd0000)]
  0x0000000019ffe800 JavaThread "Thread-128" [_thread_blocked, id=218172, stack(0x000000002fdd0000,0x000000002fed0000)]
  0x000000001a000000 JavaThread "Thread-127" [_thread_blocked, id=252856, stack(0x000000002fcd0000,0x000000002fdd0000)]
  0x000000001a0f9800 JavaThread "Thread-126" [_thread_blocked, id=228716, stack(0x000000002fbd0000,0x000000002fcd0000)]
  0x000000001a0f8800 JavaThread "Thread-125" [_thread_blocked, id=188156, stack(0x000000002fad0000,0x000000002fbd0000)]
  0x000000001a0f8000 JavaThread "Thread-124" [_thread_blocked, id=192728, stack(0x000000002f9d0000,0x000000002fad0000)]
  0x000000001a0fb000 JavaThread "Thread-123" [_thread_blocked, id=213480, stack(0x000000002f8d0000,0x000000002f9d0000)]
  0x000000001a0fa000 JavaThread "Thread-122" [_thread_blocked, id=236780, stack(0x000000002f7d0000,0x000000002f8d0000)]
  0x000000001a0fb800 JavaThread "Thread-121" [_thread_blocked, id=241264, stack(0x000000002f6d0000,0x000000002f7d0000)]
  0x000000001a0f7000 JavaThread "Thread-120" [_thread_blocked, id=198748, stack(0x000000002f5d0000,0x000000002f6d0000)]
  0x000000001a0f6800 JavaThread "Thread-119" [_thread_blocked, id=216812, stack(0x000000002f4d0000,0x000000002f5d0000)]
  0x000000001a0f5000 JavaThread "Thread-118" [_thread_blocked, id=231280, stack(0x000000002f3d0000,0x000000002f4d0000)]
  0x000000001a0f5800 JavaThread "Thread-117" [_thread_blocked, id=227576, stack(0x000000002f2d0000,0x000000002f3d0000)]
  0x000000001a0ed800 JavaThread "Thread-116" [_thread_blocked, id=188520, stack(0x000000002f1d0000,0x000000002f2d0000)]
  0x000000001a0f4000 JavaThread "Thread-115" [_thread_blocked, id=151824, stack(0x000000002f0d0000,0x000000002f1d0000)]
  0x000000001a0f3800 JavaThread "Thread-114" [_thread_blocked, id=115672, stack(0x000000002efd0000,0x000000002f0d0000)]
  0x000000001a0f0800 JavaThread "Thread-113" [_thread_blocked, id=240932, stack(0x000000002eed0000,0x000000002efd0000)]
  0x000000001a0f2800 JavaThread "Thread-112" [_thread_blocked, id=208044, stack(0x000000002edd0000,0x000000002eed0000)]
  0x000000001a0ef800 JavaThread "Thread-111" [_thread_blocked, id=2928, stack(0x000000002ecd0000,0x000000002edd0000)]
  0x000000001a0ec800 JavaThread "Thread-110" [_thread_blocked, id=165452, stack(0x000000002ebd0000,0x000000002ecd0000)]
  0x000000001a0ef000 JavaThread "Thread-109" [_thread_blocked, id=236408, stack(0x000000002ead0000,0x000000002ebd0000)]
  0x000000001a0ee000 JavaThread "Thread-108" [_thread_blocked, id=188076, stack(0x000000002e9d0000,0x000000002ead0000)]
  0x000000001a0f1000 JavaThread "Thread-107" [_thread_blocked, id=231500, stack(0x000000002e8d0000,0x000000002e9d0000)]
  0x000000001a0f2000 JavaThread "Thread-106" [_thread_blocked, id=220908, stack(0x000000002e7d0000,0x000000002e8d0000)]
  0x000000001a0dd800 JavaThread "Thread-105" [_thread_blocked, id=235320, stack(0x000000002e6d0000,0x000000002e7d0000)]
  0x000000001a0d6000 JavaThread "Thread-104" [_thread_blocked, id=242044, stack(0x000000002e5d0000,0x000000002e6d0000)]
  0x000000001a0dd000 JavaThread "Thread-103" [_thread_blocked, id=231264, stack(0x000000002e4d0000,0x000000002e5d0000)]
  0x000000001a0dc000 JavaThread "Thread-102" [_thread_blocked, id=205280, stack(0x000000002e3d0000,0x000000002e4d0000)]
  0x000000001a0d8800 JavaThread "Thread-101" [_thread_blocked, id=246852, stack(0x000000002e2d0000,0x000000002e3d0000)]
  0x000000001a0d7800 JavaThread "Thread-100" [_thread_blocked, id=175348, stack(0x000000002e1d0000,0x000000002e2d0000)]
  0x000000001a0db800 JavaThread "Thread-99" [_thread_blocked, id=236968, stack(0x000000002e0d0000,0x000000002e1d0000)]
  0x000000001a0da800 JavaThread "Thread-98" [_thread_blocked, id=235016, stack(0x000000002dfd0000,0x000000002e0d0000)]
  0x000000001a0d3000 JavaThread "Thread-97" [_thread_blocked, id=196604, stack(0x000000002ded0000,0x000000002dfd0000)]
  0x000000001a0d9000 JavaThread "Thread-96" [_thread_blocked, id=239968, stack(0x000000002ddd0000,0x000000002ded0000)]
  0x000000001a0da000 JavaThread "Thread-95" [_thread_blocked, id=230800, stack(0x000000002dcd0000,0x000000002ddd0000)]
  0x000000001a0d7000 JavaThread "Thread-94" [_thread_blocked, id=236684, stack(0x000000002dbd0000,0x000000002dcd0000)]
  0x000000001a0ce800 JavaThread "Thread-93" [_thread_blocked, id=237164, stack(0x000000002dad0000,0x000000002dbd0000)]
  0x000000001a0cf800 JavaThread "Thread-92" [_thread_blocked, id=246900, stack(0x000000002d9d0000,0x000000002dad0000)]
  0x000000001a0d1000 JavaThread "Thread-91" [_thread_blocked, id=235456, stack(0x000000002d8d0000,0x000000002d9d0000)]
  0x000000001a0d4000 JavaThread "Thread-90" [_thread_blocked, id=196016, stack(0x000000002d7d0000,0x000000002d8d0000)]
  0x000000001a0d2800 JavaThread "Thread-89" [_thread_blocked, id=187808, stack(0x000000002d6d0000,0x000000002d7d0000)]
  0x000000001a0d0000 JavaThread "Thread-88" [_thread_blocked, id=233280, stack(0x000000002d5d0000,0x000000002d6d0000)]
  0x000000001a0d1800 JavaThread "Thread-87" [_thread_blocked, id=253836, stack(0x000000002d4d0000,0x000000002d5d0000)]
  0x000000001a0d5800 JavaThread "Thread-86" [_thread_blocked, id=151696, stack(0x000000002d3d0000,0x000000002d4d0000)]
  0x000000001a0d4800 JavaThread "Thread-85" [_thread_blocked, id=213744, stack(0x000000002d2d0000,0x000000002d3d0000)]
  0x000000001a0a2000 JavaThread "Thread-84" [_thread_blocked, id=236140, stack(0x000000002d1d0000,0x000000002d2d0000)]
  0x000000001a0a9000 JavaThread "Thread-83" [_thread_blocked, id=259108, stack(0x000000002d0d0000,0x000000002d1d0000)]
  0x000000001a0a8000 JavaThread "Thread-82" [_thread_blocked, id=247248, stack(0x000000002cfd0000,0x000000002d0d0000)]
  0x000000001a0a6800 JavaThread "Thread-81" [_thread_blocked, id=242912, stack(0x000000002ced0000,0x000000002cfd0000)]
  0x000000001a0a6000 JavaThread "Thread-80" [_thread_blocked, id=204548, stack(0x000000002cdd0000,0x000000002ced0000)]
  0x000000001a0a7800 JavaThread "Thread-79" [_thread_blocked, id=230788, stack(0x000000002ccd0000,0x000000002cdd0000)]
  0x000000001a0a5000 JavaThread "Thread-78" [_thread_blocked, id=208240, stack(0x000000002cbd0000,0x000000002ccd0000)]
  0x000000001a0a3800 JavaThread "Thread-77" [_thread_blocked, id=182312, stack(0x000000002cad0000,0x000000002cbd0000)]
  0x000000001a0a3000 JavaThread "Thread-76" [_thread_blocked, id=206812, stack(0x000000002c9d0000,0x000000002cad0000)]
  0x000000001a0a4800 JavaThread "Thread-75" [_thread_blocked, id=122828, stack(0x000000002c8d0000,0x000000002c9d0000)]
  0x000000001a0a1800 JavaThread "Thread-74" [_thread_blocked, id=222908, stack(0x000000002c7d0000,0x000000002c8d0000)]
  0x000000001a09a000 JavaThread "Thread-73" [_thread_blocked, id=235168, stack(0x000000002c6d0000,0x000000002c7d0000)]
  0x000000001a0a0000 JavaThread "Thread-72" [_thread_blocked, id=221548, stack(0x000000002c5d0000,0x000000002c6d0000)]
  0x000000001a09f000 JavaThread "Thread-71" [_thread_blocked, id=242180, stack(0x000000002c4d0000,0x000000002c5d0000)]
  0x000000001a09d800 JavaThread "Thread-70" [_thread_blocked, id=196936, stack(0x000000002c3d0000,0x000000002c4d0000)]
  0x000000001a09d000 JavaThread "Thread-69" [_thread_blocked, id=253844, stack(0x000000002c2d0000,0x000000002c3d0000)]
  0x000000001a09e800 JavaThread "Thread-68" [_thread_blocked, id=213432, stack(0x000000002c1d0000,0x000000002c2d0000)]
  0x000000001a09c000 JavaThread "Thread-67" [_thread_blocked, id=234008, stack(0x000000002c0d0000,0x000000002c1d0000)]
  0x000000001a0a0800 JavaThread "Thread-66" [_thread_blocked, id=232852, stack(0x000000002bfd0000,0x000000002c0d0000)]
  0x000000001a09a800 JavaThread "Thread-65" [_thread_blocked, id=211840, stack(0x000000002bed0000,0x000000002bfd0000)]
  0x000000001a09b800 JavaThread "Thread-64" [_thread_blocked, id=254240, stack(0x000000002bdd0000,0x000000002bed0000)]
  0x0000000019e7d800 JavaThread "Thread-63" [_thread_blocked, id=254000, stack(0x000000002bcd0000,0x000000002bdd0000)]
  0x0000000019e7c000 JavaThread "Thread-62" [_thread_blocked, id=230252, stack(0x000000002bbd0000,0x000000002bcd0000)]
  0x0000000019e7a800 JavaThread "Thread-61" [_thread_blocked, id=237172, stack(0x000000002bad0000,0x000000002bbd0000)]
  0x0000000019e7c800 JavaThread "Thread-60" [_thread_blocked, id=247748, stack(0x000000002b9d0000,0x000000002bad0000)]
  0x0000000019e79000 JavaThread "Thread-59" [_thread_blocked, id=253088, stack(0x000000002b8d0000,0x000000002b9d0000)]
  0x0000000019e79800 JavaThread "Thread-58" [_thread_blocked, id=260508, stack(0x000000002b7d0000,0x000000002b8d0000)]
  0x0000000019e78000 JavaThread "Thread-56" [_thread_blocked, id=238616, stack(0x000000002b5d0000,0x000000002b6d0000)]
  0x0000000019e70800 JavaThread "Thread-55" [_thread_blocked, id=246968, stack(0x000000002b4d0000,0x000000002b5d0000)]
  0x0000000019e77800 JavaThread "Thread-54" [_thread_blocked, id=222692, stack(0x000000002b3d0000,0x000000002b4d0000)]
  0x0000000019e76800 JavaThread "Thread-53" [_thread_blocked, id=156292, stack(0x000000002b2d0000,0x000000002b3d0000)]
  0x0000000019e76000 JavaThread "Thread-52" [_thread_blocked, id=222492, stack(0x000000002b1d0000,0x000000002b2d0000)]
  0x0000000019e6e800 JavaThread "Thread-51" [_thread_blocked, id=208788, stack(0x000000002b0d0000,0x000000002b1d0000)]
  0x0000000019e75000 JavaThread "Thread-50" [_thread_blocked, id=234588, stack(0x000000002afd0000,0x000000002b0d0000)]
  0x0000000019e70000 JavaThread "Thread-49" [_thread_blocked, id=241512, stack(0x000000002aed0000,0x000000002afd0000)]
  0x0000000019e71800 JavaThread "Thread-48" [_thread_blocked, id=245840, stack(0x000000002add0000,0x000000002aed0000)]
  0x0000000019e73800 JavaThread "Thread-47" [_thread_blocked, id=156604, stack(0x000000002acd0000,0x000000002add0000)]
  0x0000000019e6f000 JavaThread "Thread-46" [_thread_blocked, id=214104, stack(0x000000002abd0000,0x000000002acd0000)]
  0x0000000019e72000 JavaThread "Thread-45" [_thread_blocked, id=230652, stack(0x000000002aad0000,0x000000002abd0000)]
  0x0000000019e74800 JavaThread "Thread-44" [_thread_blocked, id=101064, stack(0x000000002a9d0000,0x000000002aad0000)]
  0x0000000019e73000 JavaThread "Thread-43" [_thread_blocked, id=236124, stack(0x000000002a8d0000,0x000000002a9d0000)]
  0x0000000019e5b800 JavaThread "Thread-42" [_thread_blocked, id=107576, stack(0x000000002a7d0000,0x000000002a8d0000)]
  0x0000000019e61800 JavaThread "Thread-41" [_thread_blocked, id=210568, stack(0x000000002a6d0000,0x000000002a7d0000)]
  0x0000000019e5a000 JavaThread "Thread-40" [_thread_blocked, id=256844, stack(0x000000002a5d0000,0x000000002a6d0000)]
  0x0000000019e60000 JavaThread "Thread-39" [_thread_blocked, id=190540, stack(0x000000002a4d0000,0x000000002a5d0000)]
  0x0000000019e60800 JavaThread "Thread-38" [_thread_blocked, id=237836, stack(0x000000002a3d0000,0x000000002a4d0000)]
  0x0000000019e5d000 JavaThread "Thread-37" [_thread_blocked, id=208988, stack(0x000000002a2d0000,0x000000002a3d0000)]
  0x0000000019e5c000 JavaThread "Thread-36" [_thread_blocked, id=37924, stack(0x000000002a1d0000,0x000000002a2d0000)]
  0x0000000019e5a800 JavaThread "Thread-35" [_thread_blocked, id=213184, stack(0x000000002a0d0000,0x000000002a1d0000)]
  0x0000000019e5f000 JavaThread "Thread-34" [_thread_blocked, id=187336, stack(0x0000000029fd0000,0x000000002a0d0000)]
  0x0000000019e5d800 JavaThread "Thread-33" [_thread_blocked, id=222672, stack(0x0000000029dd0000,0x0000000029ed0000)]
  0x0000000019e59000 JavaThread "Thread-32" [_thread_blocked, id=174752, stack(0x0000000029cd0000,0x0000000029dd0000)]
  0x0000000019e5e800 JavaThread "Thread-31" [_thread_blocked, id=176228, stack(0x0000000029bd0000,0x0000000029cd0000)]
  0x0000000019e52800 JavaThread "Thread-30" [_thread_blocked, id=261784, stack(0x0000000029ad0000,0x0000000029bd0000)]
  0x0000000019e57000 JavaThread "Thread-29" [_thread_blocked, id=235412, stack(0x00000000299d0000,0x0000000029ad0000)]
  0x0000000019e56000 JavaThread "Thread-28" [_thread_blocked, id=188412, stack(0x00000000298d0000,0x00000000299d0000)]
  0x0000000019e54800 JavaThread "Thread-27" [_thread_blocked, id=243412, stack(0x00000000297d0000,0x00000000298d0000)]
  0x0000000019e55800 JavaThread "Thread-26" [_thread_blocked, id=210420, stack(0x00000000296d0000,0x00000000297d0000)]
  0x0000000019e57800 JavaThread "Thread-24" [_thread_blocked, id=204612, stack(0x00000000294d0000,0x00000000295d0000)]
  0x0000000019e54000 JavaThread "Thread-23" [_thread_blocked, id=210864, stack(0x00000000293d0000,0x00000000294d0000)]
  0x0000000019e53000 JavaThread "Thread-22" [_thread_blocked, id=246724, stack(0x00000000292d0000,0x00000000293d0000)]
  0x0000000019e9d800 JavaThread "Thread-20" [_thread_blocked, id=16044, stack(0x00000000290d0000,0x00000000291d0000)]
  0x0000000019ea0000 JavaThread "Thread-19" [_thread_blocked, id=241212, stack(0x0000000028fd0000,0x00000000290d0000)]
  0x0000000019e9d000 JavaThread "Thread-18" [_thread_blocked, id=249016, stack(0x0000000028ed0000,0x0000000028fd0000)]
  0x0000000019e9c000 JavaThread "Thread-17" [_thread_blocked, id=251244, stack(0x0000000028dd0000,0x0000000028ed0000)]
  0x0000000019e9b800 JavaThread "Thread-16" [_thread_blocked, id=234184, stack(0x0000000028cd0000,0x0000000028dd0000)]
  0x0000000019e9a000 JavaThread "Thread-15" [_thread_blocked, id=239276, stack(0x0000000028bd0000,0x0000000028cd0000)]
  0x0000000019e9f000 JavaThread "Thread-14" [_thread_blocked, id=246856, stack(0x0000000028ad0000,0x0000000028bd0000)]
  0x0000000019e99000 JavaThread "Thread-13" [_thread_blocked, id=18348, stack(0x00000000289d0000,0x0000000028ad0000)]
  0x0000000019e9a800 JavaThread "Thread-12" [_thread_blocked, id=177484, stack(0x00000000288d0000,0x00000000289d0000)]
  0x000000001a05c000 JavaThread "Thread-11" [_thread_blocked, id=213364, stack(0x00000000287d0000,0x00000000288d0000)]
  0x000000001a059000 JavaThread "Thread-10" [_thread_blocked, id=232808, stack(0x00000000286d0000,0x00000000287d0000)]
  0x000000001a052800 JavaThread "Thread-9" [_thread_blocked, id=232720, stack(0x00000000285d0000,0x00000000286d0000)]
  0x000000001a051800 JavaThread "Thread-8" [_thread_blocked, id=249124, stack(0x00000000284d0000,0x00000000285d0000)]
  0x000000001a051000 JavaThread "Thread-7" [_thread_blocked, id=122840, stack(0x00000000283d0000,0x00000000284d0000)]
  0x000000001a04e800 JavaThread "Thread-6" [_thread_blocked, id=236820, stack(0x00000000282d0000,0x00000000283d0000)]
  0x000000001a071000 JavaThread "Thread-5" [_thread_blocked, id=222748, stack(0x00000000281d0000,0x00000000282d0000)]
  0x0000000019f8e800 JavaThread "Java2D Disposer" daemon [_thread_blocked, id=214852, stack(0x0000000027f70000,0x0000000028070000)]
  0x0000000019d17000 JavaThread "Direct Clip" daemon [_thread_blocked, id=257100, stack(0x000000001b280000,0x000000001b380000)]
  0x0000000019d16800 JavaThread "Java Sound Event Dispatcher" daemon [_thread_blocked, id=187152, stack(0x000000001ad80000,0x000000001ae80000)]
  0x0000000019cf4000 JavaThread "Thread-0" [_thread_in_native, id=145680, stack(0x000000001a7d0000,0x000000001a8d0000)]
  0x0000000019147800 JavaThread "Service Thread" daemon [_thread_blocked, id=249304, stack(0x0000000019a90000,0x0000000019b90000)]
  0x00000000190c8000 JavaThread "C1 CompilerThread3" daemon [_thread_blocked, id=210628, stack(0x0000000019990000,0x0000000019a90000)]
  0x00000000190c5000 JavaThread "C2 CompilerThread2" daemon [_thread_blocked, id=242644, stack(0x0000000019890000,0x0000000019990000)]
  0x00000000190ba000 JavaThread "C2 CompilerThread1" daemon [_thread_blocked, id=236664, stack(0x0000000019790000,0x0000000019890000)]
  0x00000000190b4800 JavaThread "C2 CompilerThread0" daemon [_thread_blocked, id=258260, stack(0x0000000019690000,0x0000000019790000)]
  0x00000000190b3800 JavaThread "Attach Listener" daemon [_thread_blocked, id=237704, stack(0x0000000019590000,0x0000000019690000)]
  0x00000000190bf000 JavaThread "Signal Dispatcher" daemon [_thread_blocked, id=239552, stack(0x0000000019490000,0x0000000019590000)]
  0x00000000022ea000 JavaThread "Finalizer" daemon [_thread_blocked, id=247624, stack(0x0000000018f90000,0x0000000019090000)]
  0x000000001709d800 JavaThread "Reference Handler" daemon [_thread_blocked, id=240032, stack(0x0000000018e90000,0x0000000018f90000)]
=>0x00000000021f0800 JavaThread "main" [_thread_in_native, id=237000, stack(0x00000000020f0000,0x00000000021f0000)]

Other Threads:
  0x0000000017099000 VMThread [stack: 0x0000000018d90000,0x0000000018e90000] [id=211724]
  0x000000001914c800 WatcherThread [stack: 0x0000000019b90000,0x0000000019c90000] [id=100036]

VM state:not at safepoint (normal execution)

VM Mutex/Monitor currently owned by a thread: None

Heap:
 PSYoungGen      total 36864K, used 22421K [0x00000000d6f00000, 0x00000000db700000, 0x0000000100000000)
  eden space 31744K, 54% used [0x00000000d6f00000,0x00000000d7fe7e58,0x00000000d8e00000)
  from space 5120K, 99% used [0x00000000d9300000,0x00000000d97fd870,0x00000000d9800000)
  to   space 5120K, 0% used [0x00000000d8e00000,0x00000000d8e00000,0x00000000d9300000)
 ParOldGen       total 84992K, used 15437K [0x0000000084c00000, 0x0000000089f00000, 0x00000000d6f00000)
  object space 84992K, 18% used [0x0000000084c00000,0x0000000085b136c8,0x0000000089f00000)
 Metaspace       used 11130K, capacity 11288K, committed 11392K, reserved 1058816K
  class space    used 1045K, capacity 1118K, committed 1152K, reserved 1048576K

Card table byte_map: [0x00000000116b0000,0x0000000011a90000] byte_map_base: 0x000000001128a000

Marking Bits: (ParMarkBitMap*) 0x0000000059264040
 Begin Bits: [0x0000000012530000, 0x0000000014400000)
 End Bits:   [0x0000000014400000, 0x00000000162d0000)

Polling page: 0x0000000001d20000

CodeCache: size=245760Kb used=3476Kb max_used=3493Kb free=242283Kb
 bounds [0x00000000022f0000, 0x0000000002660000, 0x00000000112f0000]
 total_blobs=1598 nmethods=971 adapters=540
 compilation: enabled

Compilation events (10 events):
Event: 0.822 Thread 0x00000000190c8000 nmethod 923 0x0000000002626e50 code [0x0000000002626fc0, 0x00000000026271d8]
Event: 0.823 Thread 0x00000000190ba000  926       4       java.nio.CharBuffer::arrayOffset (35 bytes)
Event: 0.823 Thread 0x00000000190ba000 nmethod 926 0x0000000002629f50 code [0x000000000262a080, 0x000000000262a118]
Event: 0.827 Thread 0x00000000190c5000  927       4       java.nio.Buffer::limit (62 bytes)
Event: 0.827 Thread 0x00000000190ba000  928       4       java.nio.Buffer::<init> (121 bytes)
Event: 0.827 Thread 0x00000000190c5000 nmethod 927 0x0000000002628750 code [0x00000000026288a0, 0x0000000002628978]
Event: 0.828 Thread 0x00000000190ba000 nmethod 928 0x0000000002628250 code [0x00000000026283a0, 0x0000000002628558]
Event: 0.829 Thread 0x00000000190c5000  929  s    4       java.io.BufferedOutputStream::flush (12 bytes)
Event: 0.830 Thread 0x00000000190c5000 nmethod 929 0x0000000002627bd0 code [0x0000000002627d20, 0x00000000026280a8]
Event: 0.832 Thread 0x00000000190ba000  930       4       sun.nio.cs.SingleByte$Encoder::encodeArrayLoop (236 bytes)

GC Heap History (4 events):
Event: 0.655 GC heap before
{Heap before GC invocations=1 (full 0):
 PSYoungGen      total 36864K, used 31744K [0x00000000d6f00000, 0x00000000d9800000, 0x0000000100000000)
  eden space 31744K, 100% used [0x00000000d6f00000,0x00000000d8e00000,0x00000000d8e00000)
  from space 5120K, 0% used [0x00000000d9300000,0x00000000d9300000,0x00000000d9800000)
  to   space 5120K, 0% used [0x00000000d8e00000,0x00000000d8e00000,0x00000000d9300000)
 ParOldGen       total 84992K, used 0K [0x0000000084c00000, 0x0000000089f00000, 0x00000000d6f00000)
  object space 84992K, 0% used [0x0000000084c00000,0x0000000084c00000,0x0000000089f00000)
 Metaspace       used 10535K, capacity 10674K, committed 10752K, reserved 1058816K
  class space    used 968K, capacity 1021K, committed 1024K, reserved 1048576K
Event: 0.662 GC heap after
Heap after GC invocations=1 (full 0):
 PSYoungGen      total 36864K, used 5095K [0x00000000d6f00000, 0x00000000d9800000, 0x0000000100000000)
  eden space 31744K, 0% used [0x00000000d6f00000,0x00000000d6f00000,0x00000000d8e00000)
  from space 5120K, 99% used [0x00000000d8e00000,0x00000000d92f9d78,0x00000000d9300000)
  to   space 5120K, 0% used [0x00000000d9300000,0x00000000d9300000,0x00000000d9800000)
 ParOldGen       total 84992K, used 12660K [0x0000000084c00000, 0x0000000089f00000, 0x00000000d6f00000)
  object space 84992K, 14% used [0x0000000084c00000,0x000000008585d158,0x0000000089f00000)
 Metaspace       used 10535K, capacity 10674K, committed 10752K, reserved 1058816K
  class space    used 968K, capacity 1021K, committed 1024K, reserved 1048576K
}
Event: 0.791 GC heap before
{Heap before GC invocations=2 (full 0):
 PSYoungGen      total 36864K, used 36807K [0x00000000d6f00000, 0x00000000d9800000, 0x0000000100000000)
  eden space 31744K, 99% used [0x00000000d6f00000,0x00000000d8df8208,0x00000000d8e00000)
  from space 5120K, 99% used [0x00000000d8e00000,0x00000000d92f9d78,0x00000000d9300000)
  to   space 5120K, 0% used [0x00000000d9300000,0x00000000d9300000,0x00000000d9800000)
 ParOldGen       total 84992K, used 12660K [0x0000000084c00000, 0x0000000089f00000, 0x00000000d6f00000)
  object space 84992K, 14% used [0x0000000084c00000,0x000000008585d158,0x0000000089f00000)
 Metaspace       used 11083K, capacity 11288K, committed 11392K, reserved 1058816K
  class space    used 1044K, capacity 1118K, committed 1152K, reserved 1048576K
Event: 0.794 GC heap after
Heap after GC invocations=2 (full 0):
 PSYoungGen      total 36864K, used 5110K [0x00000000d6f00000, 0x00000000db700000, 0x0000000100000000)
  eden space 31744K, 0% used [0x00000000d6f00000,0x00000000d6f00000,0x00000000d8e00000)
  from space 5120K, 99% used [0x00000000d9300000,0x00000000d97fd870,0x00000000d9800000)
  to   space 5120K, 0% used [0x00000000d8e00000,0x00000000d8e00000,0x00000000d9300000)
 ParOldGen       total 84992K, used 15437K [0x0000000084c00000, 0x0000000089f00000, 0x00000000d6f00000)
  object space 84992K, 18% used [0x0000000084c00000,0x0000000085b136c8,0x0000000089f00000)
 Metaspace       used 11083K, capacity 11288K, committed 11392K, reserved 1058816K
  class space    used 1044K, capacity 1118K, committed 1152K, reserved 1048576K
}

Deoptimization events (8 events):
Event: 0.109 Thread 0x00000000021f0800 Uncommon trap: reason=unstable_if action=reinterpret pc=0x0000000002440960 method=java.lang.String.indexOf([CII[CIII)I @ 123
Event: 0.647 Thread 0x00000000021f0800 Uncommon trap: reason=unstable_if action=reinterpret pc=0x000000000258173c method=com.dazkins.triad.gfx.Image.loadSpriteSheet(Ljava/io/File;)V @ 206
Event: 0.652 Thread 0x00000000021f0800 Uncommon trap: reason=class_check action=maybe_recompile pc=0x0000000002584a48 method=java.awt.image.BufferedImage.getRGB(IIII[III)[I @ 205
Event: 0.652 Thread 0x00000000021f0800 Uncommon trap: reason=class_check action=maybe_recompile pc=0x0000000002584a48 method=java.awt.image.BufferedImage.getRGB(IIII[III)[I @ 205
Event: 0.652 Thread 0x00000000021f0800 Uncommon trap: reason=class_check action=maybe_recompile pc=0x0000000002584a48 method=java.awt.image.BufferedImage.getRGB(IIII[III)[I @ 205
Event: 0.652 Thread 0x00000000021f0800 Uncommon trap: reason=class_check action=maybe_recompile pc=0x0000000002584a48 method=java.awt.image.BufferedImage.getRGB(IIII[III)[I @ 205
Event: 0.797 Thread 0x000000001a0dd800 Uncommon trap: reason=unstable_if action=reinterpret pc=0x000000000260446c method=com.dazkins.triad.math.MathHelper.getChunkXFromTileX(I)I @ 1
Event: 0.804 Thread 0x000000001a09f000 Uncommon trap: reason=range_check action=make_not_entrant pc=0x00000000025ff3f4 method=com.dazkins.triad.gfx.BufferObjectData.loadVertexDataIntoArray()V @ 15

Internal exceptions (10 events):
Event: 0.593 Thread 0x00000000021f0800 Exception <a 'java/io/FileNotFoundException'> (0x00000000d88d7618) thrown at [C:\re\workspace\8-2-build-windows-amd64-cygwin\jdk8u45\3457\hotspot\src\share\vm\prims\jni.cpp, line 709]
Event: 0.779 Thread 0x00000000021f0800 Exception <a 'java/lang/NullPointerException'> (0x00000000d721b590) thrown at [C:\re\workspace\8-2-build-windows-amd64-cygwin\jdk8u45\3457\hotspot\src\share\vm\interpreter\linkResolver.cpp, line 1178]
Event: 0.804 Thread 0x000000001a09f000 Exception <a 'java/lang/ArrayIndexOutOfBoundsException': 9216> (0x00000000d71b8980) thrown at [C:\re\workspace\8-2-build-windows-amd64-cygwin\jdk8u45\3457\hotspot\src\share\vm\interpreter\interpreterRuntime.cpp, line 366]
Event: 0.804 Thread 0x000000001a09f000 Exception <a 'java/lang/ArrayIndexOutOfBoundsException': 9225> (0x00000000d71b8bf0) thrown at [C:\re\workspace\8-2-build-windows-amd64-cygwin\jdk8u45\3457\hotspot\src\share\vm\interpreter\interpreterRuntime.cpp, line 366]
Event: 0.804 Thread 0x000000001a09f000 Exception <a 'java/lang/ArrayIndexOutOfBoundsException': 9234> (0x00000000d71b8e60) thrown at [C:\re\workspace\8-2-build-windows-amd64-cygwin\jdk8u45\3457\hotspot\src\share\vm\interpreter\interpreterRuntime.cpp, line 366]
Event: 0.804 Thread 0x000000001a09f000 Exception <a 'java/lang/ArrayIndexOutOfBoundsException': 9243> (0x00000000d71b90d0) thrown at [C:\re\workspace\8-2-build-windows-amd64-cygwin\jdk8u45\3457\hotspot\src\share\vm\interpreter\interpreterRuntime.cpp, line 366]
Event: 0.804 Thread 0x0000000019e7d800 Exception <a 'java/lang/ArrayIndexOutOfBoundsException': 9252> (0x00000000d75973d8) thrown at [C:\re\workspace\8-2-build-windows-amd64-cygwin\jdk8u45\3457\hotspot\src\share\vm\interpreter\interpreterRuntime.cpp, line 366]
Event: 0.804 Thread 0x0000000019e7d800 Exception <a 'java/lang/ArrayIndexOutOfBoundsException': 9261> (0x00000000d7597648) thrown at [C:\re\workspace\8-2-build-windows-amd64-cygwin\jdk8u45\3457\hotspot\src\share\vm\interpreter\interpreterRuntime.cpp, line 366]
Event: 0.805 Thread 0x0000000019e7d800 Exception <a 'java/lang/ArrayIndexOutOfBoundsException': 9270> (0x00000000d75978b8) thrown at [C:\re\workspace\8-2-build-windows-amd64-cygwin\jdk8u45\3457\hotspot\src\share\vm\interpreter\interpreterRuntime.cpp, line 366]
Event: 0.805 Thread 0x0000000019e7d800 Exception <a 'java/lang/ArrayIndexOutOfBoundsException': 9279> (0x00000000d7597b28) thrown at [C:\re\workspace\8-2-build-windows-amd64-cygwin\jdk8u45\3457\hotspot\src\share\vm\interpreter\interpreterRuntime.cpp, line 366]

Events (10 events):
Event: 0.797 Thread 0x000000001a006000 Thread added: 0x000000001a006000
Event: 0.797 Thread 0x000000001a0dd800 Uncommon trap: trap_request=0xffffff65 fr.pc=0x000000000260446c
Event: 0.797 Thread 0x000000001a0dd800 DEOPT PACKING pc=0x000000000260446c sp=0x000000002e7cf460
Event: 0.797 Thread 0x000000001a0dd800 DEOPT UNPACKING pc=0x000000000233582a sp=0x000000002e7cf398 mode 2
Event: 0.804 Thread 0x000000001a09f000 Uncommon trap: trap_request=0xffffffe4 fr.pc=0x00000000025ff3f4
Event: 0.804 Thread 0x000000001a09f000 DEOPT PACKING pc=0x00000000025ff3f4 sp=0x000000002c5cf0f0
Event: 0.804 Thread 0x000000001a09f000 DEOPT UNPACKING pc=0x000000000233582a sp=0x000000002c5cf078 mode 2
Event: 0.804 loading class java/lang/ArrayIndexOutOfBoundsException
Event: 0.804 loading class java/lang/ArrayIndexOutOfBoundsException done
Event: 0.831 Thread 0x000000001a006000 Thread exited: 0x000000001a006000


Dynamic libraries:
0x00007ff7ddc40000 - 0x00007ff7ddc77000 	C:\Program Files\Java\jre1.8.0_45\bin\javaw.exe
0x00007ffbcc910000 - 0x00007ffbccad1000 	C:\WINDOWS\SYSTEM32\ntdll.dll
0x00007ffbca340000 - 0x00007ffbca3ed000 	C:\WINDOWS\system32\KERNEL32.DLL
0x00007ffbc9de0000 - 0x00007ffbc9fbd000 	C:\WINDOWS\system32\KERNELBASE.dll
0x00007ffbc6800000 - 0x00007ffbc6878000 	C:\WINDOWS\system32\apphelp.dll
0x00007ffbafe50000 - 0x00007ffbafea3000 	C:\WINDOWS\AppPatch\AppPatch64\AcGenral.DLL
0x00007ffbca090000 - 0x00007ffbca12d000 	C:\WINDOWS\system32\msvcrt.dll
0x00007ffbca950000 - 0x00007ffbca9ab000 	C:\WINDOWS\system32\sechost.dll
0x00007ffbca650000 - 0x00007ffbca776000 	C:\WINDOWS\system32\RPCRT4.dll
0x00007ffbcc700000 - 0x00007ffbcc751000 	C:\WINDOWS\system32\SHLWAPI.dll
0x00007ffbcc410000 - 0x00007ffbcc68c000 	C:\WINDOWS\system32\combase.dll
0x00007ffbcac90000 - 0x00007ffbcae16000 	C:\WINDOWS\system32\GDI32.dll
0x00007ffbca9e0000 - 0x00007ffbcab2e000 	C:\WINDOWS\system32\USER32.dll
0x00007ffbca130000 - 0x00007ffbca271000 	C:\WINDOWS\system32\ole32.dll
0x00007ffbcae20000 - 0x00007ffbcc342000 	C:\WINDOWS\system32\SHELL32.dll
0x00007ffbc9420000 - 0x00007ffbc9a49000 	C:\WINDOWS\system32\windows.storage.dll
0x00007ffbcc350000 - 0x00007ffbcc3f6000 	C:\WINDOWS\system32\advapi32.dll
0x00007ffbc9360000 - 0x00007ffbc936f000 	C:\WINDOWS\system32\kernel.appcore.dll
0x00007ffbc9d20000 - 0x00007ffbc9dd3000 	C:\WINDOWS\system32\shcore.dll
0x00007ffbc9370000 - 0x00007ffbc93ba000 	C:\WINDOWS\system32\powrprof.dll
0x00007ffbc9340000 - 0x00007ffbc9353000 	C:\WINDOWS\system32\profapi.dll
0x00007ffbc8f60000 - 0x00007ffbc8f8c000 	C:\WINDOWS\SYSTEM32\SspiCli.dll
0x00007ffbc8920000 - 0x00007ffbc893f000 	C:\WINDOWS\SYSTEM32\USERENV.dll
0x00007ffbc85b0000 - 0x00007ffbc85cc000 	C:\WINDOWS\SYSTEM32\MPR.dll
0x00007ffbc9ff0000 - 0x00007ffbca026000 	C:\WINDOWS\system32\IMM32.DLL
0x00007ffbcab30000 - 0x00007ffbcac8c000 	C:\WINDOWS\system32\MSCTF.dll
0x00007ffbc5820000 - 0x00007ffbc5a94000 	C:\WINDOWS\WinSxS\amd64_microsoft.windows.common-controls_6595b64144ccf1df_6.0.10240.16384_none_f41f7b285750ef43\COMCTL32.dll
0x00000000592f0000 - 0x00000000593c2000 	C:\Program Files\Java\jre1.8.0_45\bin\msvcr100.dll
0x0000000058a60000 - 0x00000000592e3000 	C:\Program Files\Java\jre1.8.0_45\bin\server\jvm.dll
0x00007ffbcc400000 - 0x00007ffbcc408000 	C:\WINDOWS\system32\PSAPI.DLL
0x00007ffbbdf30000 - 0x00007ffbbdf39000 	C:\WINDOWS\SYSTEM32\WSOCK32.dll
0x00007ffbc61b0000 - 0x00007ffbc61d3000 	C:\WINDOWS\SYSTEM32\WINMM.dll
0x00007ffbc5b50000 - 0x00007ffbc5b5a000 	C:\WINDOWS\SYSTEM32\VERSION.dll
0x00007ffbca5e0000 - 0x00007ffbca649000 	C:\WINDOWS\system32\WS2_32.dll
0x00000000004c0000 - 0x00000000004ec000 	C:\WINDOWS\SYSTEM32\WINMMBASE.dll
0x00007ffbc9fe0000 - 0x00007ffbc9fe8000 	C:\WINDOWS\system32\NSI.dll
0x00007ffbc9c20000 - 0x00007ffbc9c64000 	C:\WINDOWS\system32\cfgmgr32.dll
0x00007ffbc7bf0000 - 0x00007ffbc7c17000 	C:\WINDOWS\SYSTEM32\DEVOBJ.dll
0x0000000058a50000 - 0x0000000058a5f000 	C:\Program Files\Java\jre1.8.0_45\bin\verify.dll
0x0000000058a20000 - 0x0000000058a49000 	C:\Program Files\Java\jre1.8.0_45\bin\java.dll
0x0000000058a00000 - 0x0000000058a16000 	C:\Program Files\Java\jre1.8.0_45\bin\zip.dll
0x00000000589e0000 - 0x00000000589fa000 	C:\Program Files\Java\jre1.8.0_45\bin\net.dll
0x00007ffbc8b80000 - 0x00007ffbc8bdd000 	C:\WINDOWS\system32\mswsock.dll
0x00000000589c0000 - 0x00000000589d1000 	C:\Program Files\Java\jre1.8.0_45\bin\nio.dll
0x00007ffbc8be0000 - 0x00007ffbc8bf7000 	C:\WINDOWS\SYSTEM32\CRYPTSP.dll
0x00007ffbc9250000 - 0x00007ffbc9278000 	C:\WINDOWS\SYSTEM32\bcrypt.dll
0x00007ffbc8830000 - 0x00007ffbc8863000 	C:\WINDOWS\system32\rsaenh.dll
0x00007ffbc9140000 - 0x00007ffbc91ab000 	C:\WINDOWS\system32\bcryptprimitives.dll
0x00007ffbc8d50000 - 0x00007ffbc8d5b000 	C:\WINDOWS\SYSTEM32\CRYPTBASE.dll
0x00000000589b0000 - 0x00000000589bc000 	C:\Program Files\Java\jre1.8.0_45\bin\jsound.dll
0x00000000589a0000 - 0x00000000589ab000 	C:\Program Files\Java\jre1.8.0_45\bin\jsoundds.dll
0x00007ffbba100000 - 0x00007ffbba19c000 	C:\WINDOWS\SYSTEM32\DSOUND.dll
0x00007ffbc7c20000 - 0x00007ffbc7cb6000 	C:\WINDOWS\system32\uxtheme.dll
0x00007ffbc3d50000 - 0x00007ffbc3dc2000 	C:\WINDOWS\SYSTEM32\MMDevAPI.DLL
0x00007ffbc6e00000 - 0x00007ffbc6f83000 	C:\WINDOWS\SYSTEM32\PROPSYS.dll
0x00007ffbca280000 - 0x00007ffbca33e000 	C:\WINDOWS\system32\OLEAUT32.dll
0x00007ffbafeb0000 - 0x00007ffbafef1000 	C:\WINDOWS\SYSTEM32\wdmaud.drv
0x00007ffbc2350000 - 0x00007ffbc2358000 	C:\WINDOWS\SYSTEM32\ksuser.dll
0x00007ffbc2340000 - 0x00007ffbc234b000 	C:\WINDOWS\SYSTEM32\AVRT.dll
0x00007ffbc1f50000 - 0x00007ffbc1fd5000 	C:\WINDOWS\SYSTEM32\AUDIOSES.DLL
0x00007ffbc1e10000 - 0x00007ffbc1f41000 	C:\WINDOWS\SYSTEM32\wintypes.dll
0x00007ffbc5aa0000 - 0x00007ffbc5aac000 	C:\WINDOWS\SYSTEM32\msacm32.drv
0x00007ffbc22f0000 - 0x00007ffbc230c000 	C:\WINDOWS\SYSTEM32\MSACM32.dll
0x00007ffbc4f40000 - 0x00007ffbc4f4a000 	C:\WINDOWS\SYSTEM32\midimap.dll
0x00007ffbca3f0000 - 0x00007ffbca495000 	C:\WINDOWS\system32\clbcatq.dll
0x00007ffbb4370000 - 0x00007ffbb43c5000 	E:\dev\Triad\libs\native\windows\x64\lwjgl.dll
0x00007ffbb63e0000 - 0x00007ffbb6508000 	C:\WINDOWS\SYSTEM32\OPENGL32.dll
0x00007ffbb6c70000 - 0x00007ffbb6d66000 	C:\WINDOWS\SYSTEM32\DDRAW.dll
0x00007ffbbe860000 - 0x00007ffbbe88e000 	C:\WINDOWS\SYSTEM32\GLU32.dll
0x00007ffbc41c0000 - 0x00007ffbc41c8000 	C:\WINDOWS\SYSTEM32\DCIMAN32.dll
0x00007ffbc5b60000 - 0x00007ffbc5b82000 	C:\WINDOWS\SYSTEM32\dwmapi.dll
0x0000000056c50000 - 0x0000000058999000 	C:\WINDOWS\SYSTEM32\nvoglv64.DLL
0x00007ffbca780000 - 0x00007ffbca945000 	C:\WINDOWS\system32\SETUPAPI.dll
0x00007ffbc7970000 - 0x00007ffbc7983000 	C:\WINDOWS\SYSTEM32\WTSAPI32.dll
0x00007ffbc93c0000 - 0x00007ffbc9414000 	C:\WINDOWS\system32\WINTRUST.dll
0x00007ffbc9320000 - 0x00007ffbc9331000 	C:\WINDOWS\system32\MSASN1.dll
0x00007ffbc9a50000 - 0x00007ffbc9c11000 	C:\WINDOWS\system32\CRYPT32.dll
0x00007ffbc86c0000 - 0x00007ffbc86f2000 	C:\WINDOWS\SYSTEM32\ntmarta.dll
0x00007ffbc84a0000 - 0x00007ffbc84f8000 	C:\WINDOWS\SYSTEM32\WINSTA.dll
0x0000000056ab0000 - 0x0000000056c48000 	C:\Program Files\Java\jre1.8.0_45\bin\awt.dll
0x00007ffbc8940000 - 0x00007ffbc89e8000 	C:\WINDOWS\SYSTEM32\DNSAPI.dll
0x000000005c2e0000 - 0x000000005c306000 	C:\Program Files\Bonjour\mdnsNSP.dll
0x00007ffbc7870000 - 0x00007ffbc78a8000 	C:\WINDOWS\SYSTEM32\Iphlpapi.DLL
0x00007ffbc7860000 - 0x00007ffbc786b000 	C:\WINDOWS\SYSTEM32\WINNSI.DLL
0x00007ffbc60d0000 - 0x00007ffbc60da000 	C:\Windows\System32\rasadhlp.dll
0x00007ffbc6ff0000 - 0x00007ffbc7058000 	C:\WINDOWS\System32\fwpuclnt.dll
0x00007ffbc2060000 - 0x00007ffbc21ea000 	C:\WINDOWS\SYSTEM32\dbghelp.dll

VM Arguments:
jvm_args: -Djava.library.path=E:\dev\Triad\libs\native\windows\x64 -Dfile.encoding=Cp1252 
java_command: com.dazkins.triad.Triad
java_class_path (initial): E:\dev\Triad\bin;E:\dev\Triad\res;E:\dev\Triad\libs\lwjgl.jar;E:\dev\Triad\libs\disruptor.jar;E:\dev\Triad\libs\lwjgl_util.jar;E:\dev\Triad\libs\kryonet-2.21-all.jar
Launcher Type: SUN_STANDARD

Environment Variables:
PATH=C:/Program Files/Java/jre1.8.0_60/bin/server;C:/Program Files/Java/jre1.8.0_60/bin;C:/Program Files/Java/jre1.8.0_60/lib/amd64;C:\Program Files (x86)\Common Files\Microsoft Shared\Windows Live;C:\ProgramData\Oracle\Java\javapath;C:\Program Files (x86)\Intel\iCLS Client\;C:\Program Files\Intel\iCLS Client\;C:\Windows\system32;C:\Windows;C:\Windows\System32\Wbem;C:\Windows\System32\WindowsPowerShell\v1.0\;C:\Program Files\Intel\Intel(R) Management Engine Components\DAL;C:\Program Files (x86)\Intel\Intel(R) Management Engine Components\DAL;C:\Program Files\Intel\Intel(R) Management Engine Components\IPT;C:\Program Files (x86)\Intel\Intel(R) Management Engine Components\IPT;C:\Program Files (x86)\Livestreamer;C:\Program Files\Microsoft SQL Server\110\Tools\Binn\;C:\Program Files\Microsoft SQL Server\120\Tools\Binn\;C:\Program Files (x86)\Skype\Phone\;C:\Program Files (x86)\NVIDIA Corporation\PhysX\Common;C:\Program Files (x86)\Windows Kits\8.1\Windows Performance Toolkit\;C:\Program Files (x86)\Microsoft SDKs\TypeScript\1.0\;%SystemRoot%\system32;%SystemRoot%;%SystemRoot%\System32\Wbem;%SYSTEMROOT%\System32\WindowsPowerShell\v1.0\;C:\Users\DazKins\AppData\Local\Programs\Python\Python35-32\Scripts\;C:\Users\DazKins\AppData\Local\Programs\Python\Python35-32\;C:\Program Files\Common Files\Microsoft Shared\Windows Live;C:\Program Files (x86)\eclipse;
USERNAME=DazKins
OS=Windows_NT
PROCESSOR_IDENTIFIER=Intel64 Family 6 Model 60 Stepping 3, GenuineIntel



---------------  S Y S T E M  ---------------

OS: Windows 10.0 , 64 bit Build 10240 (10.0.10240.16384)

CPU:total 8 (4 cores per cpu, 2 threads per core) family 6 model 60 stepping 3, cmov, cx8, fxsr, mmx, sse, sse2, sse3, ssse3, sse4.1, sse4.2, popcnt, avx, avx2, aes, clmul, erms, lzcnt, ht, tsc, tscinvbit, bmi1, bmi2

Memory: 4k page, physical 8074928k(4376560k free), swap 16201392k(10659576k free)

vm_info: Java HotSpot(TM) 64-Bit Server VM (25.45-b02) for windows-amd64 JRE (1.8.0_45-b14), built on Apr 10 2015 10:34:15 by "java_re" with MS VC++ 10.0 (VS2010)

time: Mon Sep 21 18:38:53 2015
elapsed time: 0 seconds (0d 0h 0m 0s)

